<?xml version="1.0" encoding="UTF-8"?>
<coverage generated="1541180580602" clover="3.2.0">
  <project timestamp="1541180580603" name="All files">
    <metrics statements="15" coveredstatements="15" conditionals="12" coveredconditionals="12" methods="6" coveredmethods="6" elements="33" coveredelements="33" complexity="0" loc="15" ncloc="15" packages="1" files="1" classes="1">
      <file name="index.js" path="/data/data/com.termux/files/home/projects/flatmap/index.js">
        <metrics statements="15" coveredstatements="15" conditionals="12" coveredconditionals="12" methods="6" coveredmethods="6"/>
        <line num="8" count="1" type="stmt"/>
        <line num="9" count="6" type="stmt"/>
        <line num="12" count="1" type="stmt"/>
        <line num="13" count="15" type="stmt"/>
        <line num="15" count="15" type="stmt"/>
        <line num="16" count="47" type="cond" truecount="4" falsecount="0"/>
        <line num="17" count="14" type="stmt"/>
        <line num="20" count="47" type="cond" truecount="2" falsecount="0"/>
        <line num="24" count="47" type="stmt"/>
        <line num="27" count="15" type="stmt"/>
        <line num="30" count="1" type="stmt"/>
        <line num="31" count="47" type="cond" truecount="2" falsecount="0"/>
        <line num="32" count="46" type="cond" truecount="2" falsecount="0"/>
        <line num="33" count="16" type="cond" truecount="2" falsecount="0"/>
        <line num="35" count="17" type="stmt"/>
      </file>
    </metrics>
  </project>
</coverage>
