{"/data/data/com.termux/files/home/projects/flatmap/index.js": {"path":"/data/data/com.termux/files/home/projects/flatmap/index.js","statementMap":{"0":{"start":{"line":8,"column":0},"end":{"line":10,"column":2}},"1":{"start":{"line":9,"column":4},"end":{"line":9,"column":41}},"2":{"start":{"line":12,"column":16},"end":{"line":28,"column":1}},"3":{"start":{"line":13,"column":14},"end":{"line":13,"column":16}},"4":{"start":{"line":15,"column":29},"end":{"line":25,"column":5}},"5":{"start":{"line":16,"column":8},"end":{"line":18,"column":9}},"6":{"start":{"line":17,"column":12},"end":{"line":17,"column":37}},"7":{"start":{"line":20,"column":18},"end":{"line":22,"column":16}},"8":{"start":{"line":24,"column":8},"end":{"line":24,"column":30}},"9":{"start":{"line":27,"column":4},"end":{"line":27,"column":46}},"10":{"start":{"line":30,"column":27},"end":{"line":37,"column":1}},"11":{"start":{"line":31,"column":4},"end":{"line":36,"column":5}},"12":{"start":{"line":32,"column":8},"end":{"line":33,"column":38}},"13":{"start":{"line":32,"column":32},"end":{"line":32,"column":78}},"14":{"start":{"line":33,"column":30},"end":{"line":33,"column":36}},"15":{"start":{"line":35,"column":8},"end":{"line":35,"column":21}}},"fnMap":{"0":{"name":"(anonymous_0)","decl":{"start":{"line":8,"column":17},"end":{"line":8,"column":18}},"loc":{"start":{"line":8,"column":43},"end":{"line":10,"column":1}},"line":8},"1":{"name":"(anonymous_1)","decl":{"start":{"line":12,"column":16},"end":{"line":12,"column":17}},"loc":{"start":{"line":12,"column":40},"end":{"line":28,"column":1}},"line":12},"2":{"name":"(anonymous_2)","decl":{"start":{"line":15,"column":29},"end":{"line":15,"column":30}},"loc":{"start":{"line":15,"column":45},"end":{"line":25,"column":5}},"line":15},"3":{"name":"(anonymous_3)","decl":{"start":{"line":30,"column":27},"end":{"line":30,"column":28}},"loc":{"start":{"line":30,"column":36},"end":{"line":37,"column":1}},"line":30},"4":{"name":"(anonymous_4)","decl":{"start":{"line":32,"column":23},"end":{"line":32,"column":24}},"loc":{"start":{"line":32,"column":32},"end":{"line":32,"column":78}},"line":32},"5":{"name":"(anonymous_5)","decl":{"start":{"line":33,"column":20},"end":{"line":33,"column":21}},"loc":{"start":{"line":33,"column":30},"end":{"line":33,"column":36}},"line":33}},"branchMap":{"0":{"loc":{"start":{"line":16,"column":8},"end":{"line":18,"column":9}},"type":"if","locations":[{"start":{"line":16,"column":8},"end":{"line":18,"column":9}},{"start":{"line":16,"column":8},"end":{"line":18,"column":9}}],"line":16},"1":{"loc":{"start":{"line":16,"column":12},"end":{"line":16,"column":74}},"type":"binary-expr","locations":[{"start":{"line":16,"column":12},"end":{"line":16,"column":37}},{"start":{"line":16,"column":41},"end":{"line":16,"column":74}}],"line":16},"2":{"loc":{"start":{"line":20,"column":18},"end":{"line":22,"column":16}},"type":"cond-expr","locations":[{"start":{"line":21,"column":12},"end":{"line":21,"column":25}},{"start":{"line":22,"column":12},"end":{"line":22,"column":16}}],"line":20},"3":{"loc":{"start":{"line":31,"column":4},"end":{"line":36,"column":5}},"type":"if","locations":[{"start":{"line":31,"column":4},"end":{"line":36,"column":5}},{"start":{"line":31,"column":4},"end":{"line":36,"column":5}}],"line":31},"4":{"loc":{"start":{"line":32,"column":32},"end":{"line":32,"column":78}},"type":"binary-expr","locations":[{"start":{"line":32,"column":32},"end":{"line":32,"column":49}},{"start":{"line":32,"column":53},"end":{"line":32,"column":78}}],"line":32},"5":{"loc":{"start":{"line":33,"column":30},"end":{"line":33,"column":36}},"type":"binary-expr","locations":[{"start":{"line":33,"column":30},"end":{"line":33,"column":31}},{"start":{"line":33,"column":35},"end":{"line":33,"column":36}}],"line":33}},"s":{"0":1,"1":6,"2":1,"3":15,"4":15,"5":47,"6":14,"7":47,"8":47,"9":15,"10":1,"11":47,"12":30,"13":46,"14":16,"15":17},"f":{"0":6,"1":15,"2":47,"3":47,"4":46,"5":16},"b":{"0":[14,33],"1":[47,14],"2":[9,38],"3":[30,17],"4":[46,46],"5":[16,13]},"_coverageSchema":"332fd63041d2c1bcb487cc26dd0d5f7d97098a6c","hash":"41ceddd52c10a40abdddbc4a56e8eb04d0cbec68"}
}
