{"/data/data/com.termux/files/home/projects/flatmap/index.js": {"path":"/data/data/com.termux/files/home/projects/flatmap/index.js","statementMap":{"0":{"start":{"line":2,"column":0},"end":{"line":4,"column":2}},"1":{"start":{"line":3,"column":4},"end":{"line":3,"column":41}},"2":{"start":{"line":6,"column":16},"end":{"line":21,"column":1}},"3":{"start":{"line":7,"column":14},"end":{"line":7,"column":16}},"4":{"start":{"line":9,"column":29},"end":{"line":18,"column":5}},"5":{"start":{"line":10,"column":8},"end":{"line":12,"column":9}},"6":{"start":{"line":11,"column":12},"end":{"line":11,"column":37}},"7":{"start":{"line":14,"column":18},"end":{"line":16,"column":18}},"8":{"start":{"line":17,"column":8},"end":{"line":17,"column":30}},"9":{"start":{"line":20,"column":4},"end":{"line":20,"column":46}},"10":{"start":{"line":23,"column":27},"end":{"line":32,"column":1}},"11":{"start":{"line":31,"column":4},"end":{"line":31,"column":64}}},"fnMap":{"0":{"name":"(anonymous_0)","decl":{"start":{"line":2,"column":17},"end":{"line":2,"column":18}},"loc":{"start":{"line":2,"column":43},"end":{"line":4,"column":1}},"line":2},"1":{"name":"(anonymous_1)","decl":{"start":{"line":6,"column":16},"end":{"line":6,"column":17}},"loc":{"start":{"line":6,"column":40},"end":{"line":21,"column":1}},"line":6},"2":{"name":"(anonymous_2)","decl":{"start":{"line":9,"column":29},"end":{"line":9,"column":30}},"loc":{"start":{"line":9,"column":45},"end":{"line":18,"column":5}},"line":9},"3":{"name":"(anonymous_3)","decl":{"start":{"line":23,"column":27},"end":{"line":23,"column":28}},"loc":{"start":{"line":23,"column":36},"end":{"line":32,"column":1}},"line":23}},"branchMap":{"0":{"loc":{"start":{"line":10,"column":8},"end":{"line":12,"column":9}},"type":"if","locations":[{"start":{"line":10,"column":8},"end":{"line":12,"column":9}},{"start":{"line":10,"column":8},"end":{"line":12,"column":9}}],"line":10},"1":{"loc":{"start":{"line":14,"column":18},"end":{"line":16,"column":18}},"type":"cond-expr","locations":[{"start":{"line":15,"column":14},"end":{"line":15,"column":27}},{"start":{"line":16,"column":14},"end":{"line":16,"column":18}}],"line":14},"2":{"loc":{"start":{"line":31,"column":11},"end":{"line":31,"column":63}},"type":"binary-expr","locations":[{"start":{"line":31,"column":11},"end":{"line":31,"column":31}},{"start":{"line":31,"column":35},"end":{"line":31,"column":63}}],"line":31}},"s":{"0":1,"1":6,"2":1,"3":14,"4":14,"5":44,"6":14,"7":44,"8":44,"9":14,"10":1,"11":44},"f":{"0":6,"1":14,"2":44,"3":44},"b":{"0":[14,30],"1":[8,36],"2":[44,29]},"_coverageSchema":"332fd63041d2c1bcb487cc26dd0d5f7d97098a6c","hash":"b402299e63bad40de6ed088fad56bb4be0f6223a"}
}
