TN:
SF:/data/data/com.termux/files/home/projects/flatmap/index.js
FN:8,(anonymous_0)
FN:12,(anonymous_1)
FN:15,(anonymous_2)
FN:30,(anonymous_3)
FN:32,(anonymous_4)
FN:33,(anonymous_5)
FNF:6
FNH:6
FNDA:6,(anonymous_0)
FNDA:15,(anonymous_1)
FNDA:47,(anonymous_2)
FNDA:47,(anonymous_3)
FNDA:46,(anonymous_4)
FNDA:16,(anonymous_5)
DA:8,1
DA:9,6
DA:12,1
DA:13,15
DA:15,15
DA:16,47
DA:17,14
DA:20,47
DA:24,47
DA:27,15
DA:30,1
DA:31,47
DA:32,46
DA:33,16
DA:35,17
LF:15
LH:15
BRDA:16,0,0,14
BRDA:16,0,1,33
BRDA:16,1,0,47
BRDA:16,1,1,14
BRDA:20,2,0,9
BRDA:20,2,1,38
BRDA:31,3,0,30
BRDA:31,3,1,17
BRDA:32,4,0,46
BRDA:32,4,1,46
BRDA:33,5,0,16
BRDA:33,5,1,13
BRF:12
BRH:12
end_of_record
